TN:
SF:/Users/joe/Code/rails-with-react/app/javascript/components/App.js
FN:9,App
FNF:1
FNH:1
FNDA:1,App
DA:10,1
LF:1
LH:1
BRF:0
BRH:0
end_of_record
TN:
SF:/Users/joe/Code/rails-with-react/app/javascript/components/Home.js
FN:4,(anonymous_0)
FN:8,(anonymous_1)
FNF:2
FNH:2
FNDA:1,(anonymous_0)
FNDA:1,(anonymous_1)
DA:5,1
DA:9,1
LF:2
LH:2
BRF:0
BRH:0
end_of_record
TN:
SF:/Users/joe/Code/rails-with-react/app/javascript/components/NewPost.js
FN:8,(anonymous_0)
FN:18,(anonymous_1)
FN:23,(anonymous_2)
FN:27,(anonymous_3)
FN:37,(anonymous_4)
FN:42,(anonymous_5)
FN:49,(anonymous_6)
FNF:7
FNH:0
FNDA:0,(anonymous_0)
FNDA:0,(anonymous_1)
FNDA:0,(anonymous_2)
FNDA:0,(anonymous_3)
FNDA:0,(anonymous_4)
FNDA:0,(anonymous_5)
FNDA:0,(anonymous_6)
DA:9,0
DA:10,0
DA:14,0
DA:15,0
DA:19,0
DA:20,0
DA:24,0
DA:28,0
DA:29,0
DA:30,0
DA:32,0
DA:37,0
DA:38,0
DA:43,0
DA:44,0
DA:49,0
DA:78,1
LF:17
LH:1
BRF:0
BRH:0
end_of_record
TN:
SF:/Users/joe/Code/rails-with-react/app/javascript/components/Post.js
FN:9,(anonymous_0)
FN:18,(anonymous_1)
FN:23,(anonymous_2)
FN:28,(anonymous_3)
FNF:4
FNH:4
FNDA:1,(anonymous_0)
FNDA:1,(anonymous_1)
FNDA:1,(anonymous_2)
FNDA:2,(anonymous_3)
DA:10,1
DA:11,1
DA:19,1
DA:20,1
DA:21,1
DA:23,1
DA:24,1
DA:29,2
DA:30,2
DA:44,2
LF:10
LH:10
BRF:0
BRH:0
end_of_record
TN:
SF:/Users/joe/Code/rails-with-react/app/javascript/components/Posts.js
FN:8,(anonymous_0)
FN:16,(anonymous_1)
FN:22,(anonymous_2)
FN:23,(anonymous_3)
FN:28,(anonymous_4)
FN:29,(anonymous_5)
FN:34,(anonymous_6)
FN:46,(anonymous_7)
FN:55,(anonymous_8)
FN:64,(anonymous_9)
FNF:10
FNH:0
FNDA:0,(anonymous_0)
FNDA:0,(anonymous_1)
FNDA:0,(anonymous_2)
FNDA:0,(anonymous_3)
FNDA:0,(anonymous_4)
FNDA:0,(anonymous_5)
FNDA:0,(anonymous_6)
FNDA:0,(anonymous_7)
FNDA:0,(anonymous_8)
FNDA:0,(anonymous_9)
DA:9,0
DA:11,0
DA:17,0
DA:18,0
DA:19,0
DA:23,0
DA:24,0
DA:29,0
DA:30,0
DA:35,0
DA:36,0
DA:47,0
DA:55,0
DA:65,0
LF:14
LH:0
BRF:0
BRH:0
end_of_record
TN:
SF:/Users/joe/Code/rails-with-react/app/javascript/stylesheets/App.scss
FNF:0
FNH:0
LF:0
LH:0
BRF:0
BRH:0
end_of_record
TN:
SF:/Users/joe/Code/rails-with-react/app/javascript/util/helpers.js
FN:1,csrfToken
FN:5,passCsrfToken
FNF:2
FNH:2
FNDA:1,csrfToken
FNDA:1,passCsrfToken
DA:2,1
DA:6,1
LF:2
LH:2
BRF:0
BRH:0
end_of_record
